TN:
SF:src\field-mapping.ts
FN:32,stringify
FN:37,safeString
FN:57,prop
FN:64,safeBooleanString
FN:77,extractUrlsFromCommand
FN:92,mapHookToAttributes
FNF:6
FNH:6
FNDA:24,stringify
FNDA:130,safeString
FNDA:207,prop
FNDA:20,safeBooleanString
FNDA:16,extractUrlsFromCommand
FNDA:51,mapHookToAttributes
DA:3,1
DA:4,1
DA:5,1
DA:6,1
DA:7,1
DA:8,1
DA:9,1
DA:10,1
DA:11,1
DA:12,1
DA:13,1
DA:14,1
DA:15,1
DA:16,1
DA:17,1
DA:18,1
DA:19,1
DA:20,1
DA:21,1
DA:22,1
DA:23,1
DA:24,1
DA:25,1
DA:26,1
DA:27,1
DA:28,1
DA:29,1
DA:30,1
DA:32,24
DA:33,24
DA:34,24
DA:35,24
DA:37,130
DA:38,130
DA:39,130
DA:40,130
DA:41,3
DA:42,3
DA:43,3
DA:44,0
DA:45,0
DA:46,3
DA:47,8
DA:48,8
DA:49,0
DA:50,0
DA:51,130
DA:52,8
DA:53,8
DA:54,0
DA:55,0
DA:57,207
DA:58,207
DA:59,207
DA:60,207
DA:61,0
DA:62,0
DA:64,1
DA:65,20
DA:66,20
DA:67,20
DA:68,9
DA:69,9
DA:70,9
DA:71,9
DA:72,9
DA:73,9
DA:75,1
DA:77,1
DA:78,16
DA:79,16
DA:80,16
DA:81,16
DA:82,16
DA:83,20
DA:84,20
DA:85,19
DA:86,19
DA:87,19
DA:88,20
DA:89,11
DA:90,11
DA:92,1
DA:93,51
DA:94,51
DA:95,51
DA:96,51
DA:98,49
DA:99,49
DA:100,51
DA:101,51
DA:102,51
DA:103,51
DA:104,51
DA:105,51
DA:106,51
DA:108,51
DA:109,51
DA:110,3
DA:111,3
DA:112,3
DA:114,51
DA:115,1
DA:116,1
DA:118,51
DA:119,1
DA:120,1
DA:122,51
DA:123,5
DA:124,5
DA:125,5
DA:126,5
DA:127,5
DA:128,5
DA:129,1
DA:130,1
DA:131,5
DA:132,1
DA:133,1
DA:134,5
DA:135,1
DA:136,1
DA:137,5
DA:138,5
DA:140,51
DA:141,14
DA:142,14
DA:143,14
DA:144,14
DA:145,14
DA:146,14
DA:147,14
DA:148,1
DA:149,1
DA:150,14
DA:151,1
DA:152,1
DA:153,14
DA:154,1
DA:155,1
DA:156,14
DA:157,4
DA:158,4
DA:159,4
DA:160,4
DA:161,4
DA:162,4
DA:163,4
DA:164,4
DA:165,4
DA:166,4
DA:167,4
DA:168,1
DA:169,1
DA:170,1
DA:171,1
DA:172,1
DA:173,1
DA:174,1
DA:175,1
DA:176,4
DA:177,4
DA:178,1
DA:179,1
DA:180,4
DA:181,14
DA:182,3
DA:183,3
DA:184,3
DA:185,3
DA:186,2
DA:187,2
DA:188,2
DA:189,10
DA:190,10
DA:191,10
DA:192,10
DA:193,2
DA:194,2
DA:195,3
DA:196,3
DA:197,3
DA:198,1
DA:199,1
DA:200,1
DA:201,1
DA:202,3
DA:203,14
DA:204,2
DA:205,2
DA:206,2
DA:207,2
DA:208,2
DA:209,14
DA:210,2
DA:211,2
DA:212,2
DA:213,14
DA:214,14
DA:216,51
DA:217,2
DA:218,2
DA:219,2
DA:220,2
DA:221,2
DA:222,2
DA:223,2
DA:224,2
DA:225,2
DA:226,2
DA:227,2
DA:228,2
DA:229,2
DA:231,51
DA:232,2
DA:233,2
DA:234,2
DA:235,2
DA:236,1
DA:237,1
DA:238,2
DA:239,2
DA:241,51
DA:242,1
DA:243,1
DA:244,1
DA:245,1
DA:246,1
DA:248,51
DA:249,1
DA:250,1
DA:251,1
DA:252,1
DA:254,51
DA:255,1
DA:257,51
DA:258,2
DA:259,2
DA:260,2
DA:261,2
DA:262,2
DA:263,2
DA:264,2
DA:265,2
DA:266,2
DA:267,2
DA:269,51
DA:270,51
DA:271,2
DA:272,2
DA:273,2
DA:274,2
DA:275,2
DA:276,2
DA:278,51
DA:279,1
DA:281,51
DA:282,1
DA:283,1
DA:284,1
DA:285,1
DA:286,1
DA:287,1
DA:289,51
DA:290,1
DA:291,1
DA:292,1
DA:294,51
DA:295,1
DA:296,1
DA:297,1
DA:298,1
DA:299,1
DA:300,1
DA:301,1
DA:303,51
DA:304,1
DA:305,1
DA:306,1
DA:308,51
DA:309,2
DA:310,2
DA:311,2
DA:312,2
DA:313,2
DA:315,51
DA:316,1
DA:317,1
DA:318,1
DA:320,51
DA:321,1
DA:323,51
DA:324,1
DA:325,1
DA:327,51
DA:328,1
DA:329,1
DA:330,1
DA:331,1
DA:332,1
DA:334,51
DA:335,1
DA:336,1
DA:337,1
DA:339,51
DA:340,1
DA:341,1
DA:342,1
DA:343,1
DA:344,1
DA:346,51
DA:347,1
DA:348,1
DA:349,1
DA:350,1
DA:351,1
DA:352,1
DA:353,51
DA:355,49
DA:356,49
LF:320
LH:312
BRDA:32,0,0,24
BRDA:33,1,0,0
BRDA:34,2,0,0
BRDA:37,3,0,130
BRDA:38,4,0,108
BRDA:38,5,0,22
BRDA:39,6,0,11
BRDA:40,7,0,3
BRDA:43,8,0,0
BRDA:46,9,0,8
BRDA:48,10,0,0
BRDA:49,11,0,0
BRDA:51,12,0,8
BRDA:53,13,0,0
BRDA:57,14,0,207
BRDA:60,15,0,0
BRDA:64,16,0,20
BRDA:65,17,0,3
BRDA:65,18,0,17
BRDA:66,19,0,1
BRDA:66,20,0,16
BRDA:67,21,0,9
BRDA:69,22,0,3
BRDA:69,23,0,6
BRDA:70,24,0,4
BRDA:77,25,0,16
BRDA:78,26,0,12
BRDA:78,27,0,5
BRDA:78,28,0,11
BRDA:79,29,0,2
BRDA:82,30,0,20
BRDA:84,31,0,1
BRDA:84,32,0,19
BRDA:87,33,0,1
BRDA:88,34,0,11
BRDA:92,35,0,51
BRDA:96,36,0,2
BRDA:96,37,0,49
BRDA:100,38,0,1
BRDA:101,39,0,48
BRDA:102,40,0,47
BRDA:103,41,0,47
BRDA:104,42,0,1
BRDA:105,43,0,1
BRDA:109,44,0,3
BRDA:114,45,0,1
BRDA:118,46,0,1
BRDA:122,47,0,5
BRDA:128,48,0,1
BRDA:128,49,0,1
BRDA:131,50,0,1
BRDA:131,51,0,1
BRDA:134,52,0,1
BRDA:134,53,0,1
BRDA:140,54,0,14
BRDA:147,55,0,1
BRDA:147,56,0,1
BRDA:150,57,0,1
BRDA:150,58,0,1
BRDA:153,59,0,1
BRDA:153,60,0,1
BRDA:156,61,0,4
BRDA:156,62,0,4
BRDA:167,63,0,1
BRDA:177,64,0,1
BRDA:181,65,0,3
BRDA:181,66,0,3
BRDA:183,67,0,1
BRDA:183,68,0,2
BRDA:185,69,0,2
BRDA:187,70,0,0
BRDA:188,71,0,10
BRDA:191,72,0,1
BRDA:193,73,0,1
BRDA:195,74,0,1
BRDA:197,75,0,1
BRDA:203,76,0,2
BRDA:203,77,0,2
BRDA:206,78,0,1
BRDA:207,79,0,1
BRDA:209,80,0,2
BRDA:209,81,0,2
BRDA:211,82,0,1
BRDA:216,83,0,2
BRDA:226,84,0,1
BRDA:231,85,0,2
BRDA:235,86,0,1
BRDA:236,87,0,1
BRDA:241,88,0,1
BRDA:248,89,0,1
BRDA:254,90,0,1
BRDA:257,91,0,2
BRDA:269,92,0,1
BRDA:270,93,0,2
BRDA:278,94,0,1
BRDA:281,95,0,1
BRDA:289,96,0,1
BRDA:294,97,0,1
BRDA:303,98,0,1
BRDA:308,99,0,2
BRDA:311,100,0,1
BRDA:315,101,0,1
BRDA:320,102,0,1
BRDA:323,103,0,1
BRDA:327,104,0,1
BRDA:334,105,0,1
BRDA:339,106,0,1
BRDA:346,107,0,1
BRDA:353,108,0,49
BRF:109
BRH:101
end_of_record
TN:
SF:src\migrations.ts
FN:93,chQuery
FN:124,tableExists
FN:129,ensureSchemaVersionTable
FN:140,getSchemaVersion
FN:148,recordMigration
FN:158,splitSqlStatements
FN:172,executeSqlFile
FN:197,applyMigration
FN:227,checkTableStatus
FN:246,runBootstrap
FN:336,getHealthInfo
FNF:11
FNH:2
FNDA:0,chQuery
FNDA:0,tableExists
FNDA:0,ensureSchemaVersionTable
FNDA:0,getSchemaVersion
FNDA:0,recordMigration
FNDA:8,splitSqlStatements
FNDA:0,executeSqlFile
FNDA:0,applyMigration
FNDA:0,checkTableStatus
FNDA:0,runBootstrap
FNDA:1,getHealthInfo
DA:1,1
DA:5,1
DA:6,1
DA:7,1
DA:8,1
DA:9,2
DA:10,2
DA:11,2
DA:12,1
DA:14,1
DA:15,1
DA:16,1
DA:17,1
DA:18,1
DA:19,1
DA:20,1
DA:21,1
DA:23,1
DA:24,1
DA:25,1
DA:26,1
DA:27,1
DA:28,1
DA:29,1
DA:30,1
DA:31,1
DA:32,1
DA:33,1
DA:34,1
DA:35,1
DA:36,1
DA:37,1
DA:39,1
DA:65,1
DA:66,1
DA:67,1
DA:68,1
DA:69,1
DA:70,1
DA:71,1
DA:72,1
DA:73,1
DA:74,1
DA:75,1
DA:76,1
DA:77,1
DA:78,1
DA:79,1
DA:80,1
DA:81,1
DA:82,1
DA:83,1
DA:84,1
DA:88,1
DA:89,1
DA:90,1
DA:91,1
DA:93,0
DA:94,0
DA:95,0
DA:96,0
DA:97,0
DA:98,0
DA:99,0
DA:100,0
DA:101,0
DA:102,0
DA:103,0
DA:104,0
DA:105,0
DA:106,0
DA:107,0
DA:108,0
DA:109,0
DA:110,0
DA:111,0
DA:112,0
DA:113,0
DA:114,0
DA:115,0
DA:116,0
DA:117,0
DA:118,0
DA:119,0
DA:120,0
DA:121,0
DA:122,0
DA:124,0
DA:125,0
DA:126,0
DA:127,0
DA:129,0
DA:130,0
DA:137,0
DA:138,0
DA:140,0
DA:141,0
DA:142,0
DA:143,0
DA:144,0
DA:145,0
DA:146,0
DA:148,0
DA:149,0
DA:150,0
DA:151,0
DA:152,0
DA:153,0
DA:154,0
DA:155,0
DA:156,0
DA:158,1
DA:159,8
DA:160,8
DA:161,8
DA:162,8
DA:164,8
DA:165,8
DA:166,8
DA:167,8
DA:169,8
DA:170,8
DA:172,0
DA:173,0
DA:174,0
DA:175,0
DA:176,0
DA:177,0
DA:179,0
DA:180,0
DA:182,0
DA:183,0
DA:184,0
DA:185,0
DA:186,0
DA:187,0
DA:188,0
DA:189,0
DA:190,0
DA:191,0
DA:192,0
DA:193,0
DA:194,0
DA:195,0
DA:197,0
DA:198,0
DA:199,0
DA:200,0
DA:202,0
DA:203,0
DA:204,0
DA:205,0
DA:206,0
DA:207,0
DA:208,0
DA:209,0
DA:210,0
DA:211,0
DA:212,0
DA:213,0
DA:214,0
DA:216,0
DA:217,0
DA:218,0
DA:219,0
DA:220,0
DA:221,0
DA:222,0
DA:223,0
DA:224,0
DA:225,0
DA:227,0
DA:228,0
DA:229,0
DA:230,0
DA:231,0
DA:232,0
DA:233,0
DA:234,0
DA:235,0
DA:236,0
DA:237,0
DA:238,0
DA:239,0
DA:240,0
DA:241,0
DA:242,0
DA:243,0
DA:244,0
DA:246,1
DA:247,0
DA:248,0
DA:249,0
DA:251,0
DA:252,0
DA:253,0
DA:254,0
DA:255,0
DA:257,0
DA:258,0
DA:259,0
DA:260,0
DA:261,0
DA:262,0
DA:263,0
DA:264,0
DA:266,0
DA:267,0
DA:268,0
DA:269,0
DA:270,0
DA:271,0
DA:272,0
DA:273,0
DA:274,0
DA:276,0
DA:278,0
DA:279,0
DA:280,0
DA:281,0
DA:282,0
DA:284,0
DA:285,0
DA:287,0
DA:288,0
DA:289,0
DA:290,0
DA:291,0
DA:292,0
DA:293,0
DA:294,0
DA:295,0
DA:296,0
DA:297,0
DA:298,0
DA:301,0
DA:302,0
DA:303,0
DA:304,0
DA:305,0
DA:306,0
DA:307,0
DA:308,0
DA:309,0
DA:310,0
DA:312,0
DA:313,0
DA:314,0
DA:315,0
DA:316,0
DA:317,0
DA:318,0
DA:319,0
DA:320,0
DA:321,0
DA:322,0
DA:323,0
DA:325,0
DA:326,0
DA:336,1
DA:337,1
DA:338,1
DA:339,1
DA:340,1
DA:341,1
DA:342,1
DA:343,1
DA:344,1
LF:268
LH:78
BRDA:8,0,0,2
BRDA:158,1,0,8
BRDA:161,2,0,19
BRDA:166,3,0,11
BRDA:167,4,0,11
BRDA:336,5,0,1
BRF:6
BRH:6
end_of_record
